{
  "RSpec": {
    "coverage": {
      "/Users/glykeriastravodimou/MakersAcademy/Bank_Tech_Test/spec/account_spec.rb": {
        "lines": [
          null,
          null,
          1,
          null,
          1,
          8,
          2,
          null,
          1,
          1,
          1,
          null,
          null,
          1,
          1,
          1,
          null,
          null,
          null,
          1,
          1,
          1,
          1,
          null,
          null,
          1,
          2,
          null,
          null,
          null,
          1,
          1,
          1,
          4,
          null,
          null,
          1,
          2,
          null,
          null,
          1,
          2,
          null,
          null,
          null,
          1,
          1,
          1,
          null,
          null
        ]
      },
      "/Users/glykeriastravodimou/MakersAcademy/Bank_Tech_Test/lib/account.rb": {
        "lines": [
          null,
          null,
          1,
          1,
          1,
          null,
          1,
          8,
          8,
          8,
          8,
          null,
          null,
          1,
          4,
          3,
          3,
          null,
          null,
          1,
          3,
          2,
          null,
          1,
          1,
          null,
          null,
          1,
          1,
          null,
          null,
          1,
          null,
          1,
          7,
          null,
          null,
          1,
          4,
          null,
          null,
          1,
          4,
          null,
          null
        ]
      },
      "/Users/glykeriastravodimou/MakersAcademy/Bank_Tech_Test/spec/statement_spec.rb": {
        "lines": [
          null,
          null,
          1,
          null,
          1,
          null
        ]
      },
      "/Users/glykeriastravodimou/MakersAcademy/Bank_Tech_Test/lib/statement.rb": {
        "lines": [
          null,
          null,
          1,
          1,
          null
        ]
      },
      "/Users/glykeriastravodimou/MakersAcademy/Bank_Tech_Test/spec/transaction_spec.rb": {
        "lines": [
          null,
          null,
          1,
          null,
          1,
          2,
          2,
          null,
          1,
          1,
          1,
          1,
          1,
          1,
          null,
          null
        ]
      },
      "/Users/glykeriastravodimou/MakersAcademy/Bank_Tech_Test/lib/transaction.rb": {
        "lines": [
          null,
          null,
          1,
          1,
          1,
          null,
          1,
          5,
          5,
          5,
          5,
          null,
          null
        ]
      }
    },
    "timestamp": 1615228150
  }
}
